<?xml version="1.0" encoding="UTF-8"?>
<testng-results ignored="0" total="3" passed="2" failed="1" skipped="0">
  <reporter-output>
  </reporter-output>
  <suite started-at="2025-08-04T21:19:52 IST" name="Master Suite" finished-at="2025-08-04T21:20:09 IST" duration-ms="16284">
    <groups>
      <group name="regression">
        <method signature="TC001_AccountRegistration.testAccountRegistration()[pri:0, instance:testCases.TC001_AccountRegistration@41fbdac4]" name="testAccountRegistration" class="testCases.TC001_AccountRegistration"/>
        <method signature="TC004_BillPaymentService.testBillPaymentService()[pri:0, instance:testCases.TC004_BillPaymentService@619713e5]" name="testBillPaymentService" class="testCases.TC004_BillPaymentService"/>
      </group> <!-- regression -->
      <group name="sanity">
        <method signature="TC002_LoginTest.testLogin()[pri:0, instance:testCases.TC002_LoginTest@2c767a52]" name="testLogin" class="testCases.TC002_LoginTest"/>
        <method signature="TC004_BillPaymentService.testBillPaymentService()[pri:0, instance:testCases.TC004_BillPaymentService@619713e5]" name="testBillPaymentService" class="testCases.TC004_BillPaymentService"/>
      </group> <!-- sanity -->
      <group name="master">
        <method signature="TC001_AccountRegistration.testAccountRegistration()[pri:0, instance:testCases.TC001_AccountRegistration@41fbdac4]" name="testAccountRegistration" class="testCases.TC001_AccountRegistration"/>
        <method signature="TC002_LoginTest.testLogin()[pri:0, instance:testCases.TC002_LoginTest@2c767a52]" name="testLogin" class="testCases.TC002_LoginTest"/>
        <method signature="TC004_BillPaymentService.testBillPaymentService()[pri:0, instance:testCases.TC004_BillPaymentService@619713e5]" name="testBillPaymentService" class="testCases.TC004_BillPaymentService"/>
      </group> <!-- master -->
    </groups>
    <test started-at="2025-08-04T21:19:52 IST" name="Test" finished-at="2025-08-04T21:20:09 IST" duration-ms="16284">
      <class name="testCases.TC004_BillPaymentService">
        <test-method is-config="true" signature="setup(java.lang.String,java.lang.String)[pri:0, instance:testCases.TC004_BillPaymentService@619713e5]" started-at="2025-08-04T21:20:04 IST" name="setup" finished-at="2025-08-04T21:20:08 IST" duration-ms="3736" status="PASS">
          <params>
            <param index="0">
              <value>
                <![CDATA[window11]]>
              </value>
            </param>
            <param index="1">
              <value>
                <![CDATA[edge]]>
              </value>
            </param>
          </params>
          <reporter-output>
          </reporter-output>
        </test-method> <!-- setup -->
        <test-method signature="testBillPaymentService()[pri:0, instance:testCases.TC004_BillPaymentService@619713e5]" started-at="2025-08-04T21:20:08 IST" name="testBillPaymentService" finished-at="2025-08-04T21:20:08 IST" duration-ms="279" status="PASS">
          <reporter-output>
          </reporter-output>
        </test-method> <!-- testBillPaymentService -->
        <test-method is-config="true" signature="tearDown()[pri:0, instance:testCases.TC004_BillPaymentService@619713e5]" started-at="2025-08-04T21:20:08 IST" name="tearDown" finished-at="2025-08-04T21:20:09 IST" duration-ms="223" status="PASS">
          <reporter-output>
          </reporter-output>
        </test-method> <!-- tearDown -->
      </class> <!-- testCases.TC004_BillPaymentService -->
      <class name="testCases.TC002_LoginTest">
        <test-method is-config="true" signature="setup(java.lang.String,java.lang.String)[pri:0, instance:testCases.TC002_LoginTest@2c767a52]" started-at="2025-08-04T21:20:00 IST" name="setup" finished-at="2025-08-04T21:20:04 IST" duration-ms="3561" status="PASS">
          <params>
            <param index="0">
              <value>
                <![CDATA[window11]]>
              </value>
            </param>
            <param index="1">
              <value>
                <![CDATA[edge]]>
              </value>
            </param>
          </params>
          <reporter-output>
          </reporter-output>
        </test-method> <!-- setup -->
        <test-method signature="testLogin()[pri:0, instance:testCases.TC002_LoginTest@2c767a52]" started-at="2025-08-04T21:20:04 IST" name="testLogin" finished-at="2025-08-04T21:20:04 IST" duration-ms="351" status="FAIL">
          <exception class="java.lang.AssertionError">
            <message>
              <![CDATA[null]]>
            </message>
            <full-stacktrace>
              <![CDATA[java.lang.AssertionError: null
at org.testng.Assert.fail(Assert.java:111)
at org.testng.Assert.fail(Assert.java:116)
at testCases.TC002_LoginTest.testLogin(TC002_LoginTest.java:36)
at java.base/jdk.internal.reflect.DirectMethodHandleAccessor.invoke(DirectMethodHandleAccessor.java:104)
at java.base/java.lang.reflect.Method.invoke(Method.java:565)
at org.testng.internal.invokers.MethodInvocationHelper.invokeMethod(MethodInvocationHelper.java:141)
at org.testng.internal.invokers.TestInvoker.invokeMethod(TestInvoker.java:686)
at org.testng.internal.invokers.TestInvoker.invokeTestMethod(TestInvoker.java:230)
at org.testng.internal.invokers.MethodRunner.runInSequence(MethodRunner.java:63)
at org.testng.internal.invokers.TestInvoker$MethodInvocationAgent.invoke(TestInvoker.java:992)
at org.testng.internal.invokers.TestInvoker.invokeTestMethods(TestInvoker.java:203)
at org.testng.internal.invokers.TestMethodWorker.invokeTestMethods(TestMethodWorker.java:154)
at org.testng.internal.invokers.TestMethodWorker.run(TestMethodWorker.java:134)
at java.base/java.util.ArrayList.forEach(ArrayList.java:1604)
at org.testng.TestRunner.privateRun(TestRunner.java:739)
at org.testng.TestRunner.run(TestRunner.java:614)
at org.testng.SuiteRunner.runTest(SuiteRunner.java:421)
at org.testng.SuiteRunner.runSequentially(SuiteRunner.java:413)
at org.testng.SuiteRunner.privateRun(SuiteRunner.java:373)
at org.testng.SuiteRunner.run(SuiteRunner.java:312)
at org.testng.SuiteRunnerWorker.runSuite(SuiteRunnerWorker.java:52)
at org.testng.SuiteRunnerWorker.run(SuiteRunnerWorker.java:95)
at org.testng.TestNG.runSuitesSequentially(TestNG.java:1274)
at org.testng.TestNG.runSuitesLocally(TestNG.java:1208)
at org.testng.TestNG.runSuites(TestNG.java:1112)
at org.testng.TestNG.run(TestNG.java:1079)
at org.apache.maven.surefire.testng.TestNGExecutor.run(TestNGExecutor.java:308)
at org.apache.maven.surefire.testng.TestNGXmlTestSuite.execute(TestNGXmlTestSuite.java:71)
at org.apache.maven.surefire.testng.TestNGProvider.invoke(TestNGProvider.java:113)
at org.apache.maven.surefire.booter.ForkedBooter.runSuitesInProcess(ForkedBooter.java:385)
at org.apache.maven.surefire.booter.ForkedBooter.execute(ForkedBooter.java:162)
at org.apache.maven.surefire.booter.ForkedBooter.run(ForkedBooter.java:507)
at org.apache.maven.surefire.booter.ForkedBooter.main(ForkedBooter.java:495)
]]>
            </full-stacktrace>
          </exception> <!-- java.lang.AssertionError -->
          <reporter-output>
          </reporter-output>
        </test-method> <!-- testLogin -->
        <test-method is-config="true" signature="tearDown()[pri:0, instance:testCases.TC002_LoginTest@2c767a52]" started-at="2025-08-04T21:20:04 IST" name="tearDown" finished-at="2025-08-04T21:20:04 IST" duration-ms="167" status="PASS">
          <reporter-output>
          </reporter-output>
        </test-method> <!-- tearDown -->
      </class> <!-- testCases.TC002_LoginTest -->
      <class name="testCases.TC001_AccountRegistration">
        <test-method is-config="true" signature="setup(java.lang.String,java.lang.String)[pri:0, instance:testCases.TC001_AccountRegistration@41fbdac4]" started-at="2025-08-04T21:19:53 IST" name="setup" finished-at="2025-08-04T21:19:59 IST" duration-ms="6574" status="PASS">
          <params>
            <param index="0">
              <value>
                <![CDATA[window11]]>
              </value>
            </param>
            <param index="1">
              <value>
                <![CDATA[edge]]>
              </value>
            </param>
          </params>
          <reporter-output>
          </reporter-output>
        </test-method> <!-- setup -->
        <test-method signature="testAccountRegistration()[pri:0, instance:testCases.TC001_AccountRegistration@41fbdac4]" started-at="2025-08-04T21:19:59 IST" name="testAccountRegistration" finished-at="2025-08-04T21:20:00 IST" duration-ms="732" status="PASS">
          <reporter-output>
          </reporter-output>
        </test-method> <!-- testAccountRegistration -->
        <test-method is-config="true" signature="tearDown()[pri:0, instance:testCases.TC001_AccountRegistration@41fbdac4]" started-at="2025-08-04T21:20:00 IST" name="tearDown" finished-at="2025-08-04T21:20:00 IST" duration-ms="183" status="PASS">
          <reporter-output>
          </reporter-output>
        </test-method> <!-- tearDown -->
      </class> <!-- testCases.TC001_AccountRegistration -->
    </test> <!-- Test -->
  </suite> <!-- Master Suite -->
</testng-results>
